[2026-01-17 14:56:22] refactor: rename for clarity
[2026-01-17 17:07:06] chore: sort entries
[2026-01-17 21:12:58] refactor: inline tiny helper
[2026-01-16 09:00:27] refactor: simplify logic
[2026-01-16 14:26:40] docs: small note
[2026-01-16 14:47:51] chore: drop unused
[2026-01-16 14:56:57] chore: sort entries
[2026-01-16 15:41:34] feat: better default
[2026-01-16 19:15:34] refactor: shorter loop
[2026-01-14 17:13:16] feat: add validation check
[2026-01-04 11:04:56] chore: format file
[2026-01-04 11:23:25] fix: null check
[2026-01-04 12:44:58] docs: typo
[2026-01-04 14:24:48] chore: sort entries
[2026-01-04 19:35:53] fix: capitalization
[2026-01-04 20:25:13] refactor: extract helper
[2026-01-04 22:23:37] fix: null check
[2026-01-22 10:47:30] fix: off-by-one
[2026-01-22 16:44:09] fix: capitalization
[2026-01-22 21:01:41] fix: improve error handling
[2026-01-05 10:53:38] docs: add inline comments
[2026-01-05 11:11:46] fix: edge case handling
